#! /usr/bin/vvp
:ivl_version "0.9.7 " "(v0_9_7)";
:vpi_time_precision + 0;
:vpi_module "system";
:vpi_module "v2005_math";
:vpi_module "va_math";
S_0x20d3730 .scope module, "top" "top" 2 58;
 .timescale 0 0;
v0x2123f60_0 .net "available", 31 0, v0x2108d60_0; 1 drivers
v0x2124000_0 .net "cars", 31 0, v0x21238c0_0; 1 drivers
v0x21240b0_0 .net "floor0", 0 0, v0x2123960_0; 1 drivers
v0x2124160_0 .net "floor1", 0 0, v0x2123a00_0; 1 drivers
v0x2124240_0 .net "full", 0 0, v0x2123ab0_0; 1 drivers
v0x21242f0_0 .var "in", 0 0;
v0x2124370_0 .var "out0", 0 0;
v0x2124420_0 .var "out1", 0 0;
S_0x20d3820 .scope module, "dum" "parkingManager" 2 64, 2 1, S_0x20d3730;
 .timescale 0 0;
v0x2108d60_0 .var "AVAILABLE", 31 0;
v0x21238c0_0 .var "CARS", 31 0;
v0x2123960_0 .var "FLOOR0", 0 0;
v0x2123a00_0 .var "FLOOR1", 0 0;
v0x2123ab0_0 .var "FULL", 0 0;
v0x2123b50_0 .net "IN", 0 0, v0x21242f0_0; 1 drivers
v0x2123c30_0 .net "OUT0", 0 0, v0x2124370_0; 1 drivers
v0x2123cd0_0 .net "OUT1", 0 0, v0x2124420_0; 1 drivers
v0x2123dc0_0 .var "firstFloor", 31 0;
v0x2123e60_0 .var "zeroFloor", 31 0;
E_0x20f9490 .event edge, v0x2123cd0_0, v0x2123c30_0, v0x2123b50_0;
    .scope S_0x20d3820;
T_0 ;
    %set/v v0x21238c0_0, 0, 32;
    %movi 8, 1000, 32;
    %set/v v0x2108d60_0, 8, 32;
    %set/v v0x2123e60_0, 0, 32;
    %set/v v0x2123dc0_0, 0, 32;
    %set/v v0x2123ab0_0, 0, 1;
    %set/v v0x2123960_0, 1, 1;
    %set/v v0x2123a00_0, 1, 1;
    %end;
    .thread T_0;
    .scope S_0x20d3820;
T_1 ;
    %wait E_0x20f9490;
    %load/v 8, v0x2123b50_0, 1;
    %mov 9, 0, 2;
    %cmpi/u 8, 1, 3;
    %jmp/0xz  T_1.0, 4;
    %load/v 8, v0x2108d60_0, 32;
    %cmp/u 0, 8, 32;
    %jmp/0xz  T_1.2, 5;
    %load/v 8, v0x21238c0_0, 32;
    %mov 40, 0, 1;
    %addi 8, 1, 33;
    %set/v v0x21238c0_0, 8, 32;
    %load/v 8, v0x2108d60_0, 32;
    %mov 40, 0, 1;
    %subi 8, 1, 33;
    %set/v v0x2108d60_0, 8, 32;
    %movi 8, 500, 32;
    %load/v 40, v0x21238c0_0, 32;
    %cmp/u 8, 40, 32;
    %jmp/0xz  T_1.4, 5;
    %set/v v0x2123960_0, 0, 1;
    %load/v 8, v0x2123dc0_0, 32;
    %mov 40, 0, 1;
    %addi 8, 1, 33;
    %set/v v0x2123dc0_0, 8, 32;
    %jmp T_1.5;
T_1.4 ;
    %load/v 8, v0x2123e60_0, 32;
    %mov 40, 0, 1;
    %addi 8, 1, 33;
    %set/v v0x2123e60_0, 8, 32;
T_1.5 ;
    %load/v 8, v0x21238c0_0, 32;
    %cmpi/u 8, 1000, 32;
    %jmp/0xz  T_1.6, 4;
    %set/v v0x2123a00_0, 0, 1;
    %set/v v0x2123ab0_0, 1, 1;
T_1.6 ;
T_1.2 ;
T_1.0 ;
    %load/v 8, v0x2123c30_0, 1;
    %mov 9, 0, 2;
    %cmpi/u 8, 1, 3;
    %mov 8, 4, 1;
    %load/v 9, v0x2123e60_0, 32;
    %cmp/u 0, 9, 32;
    %mov 9, 5, 1;
    %and 8, 9, 1;
    %load/v 9, v0x2123e60_0, 32;
   %cmpi/u 9, 500, 32;
    %or 5, 4, 1;
    %mov 9, 5, 1;
    %and 8, 9, 1;
    %jmp/0xz  T_1.8, 8;
    %load/v 8, v0x21238c0_0, 32;
    %mov 40, 0, 1;
    %subi 8, 1, 33;
    %set/v v0x21238c0_0, 8, 32;
    %load/v 8, v0x2108d60_0, 32;
    %mov 40, 0, 1;
    %addi 8, 1, 33;
    %set/v v0x2108d60_0, 8, 32;
    %load/v 8, v0x2123960_0, 1;
    %inv 8, 1;
    %jmp/0xz  T_1.10, 8;
    %set/v v0x2123960_0, 1, 1;
T_1.10 ;
    %load/v 8, v0x2123ab0_0, 1;
    %jmp/0xz  T_1.12, 8;
    %set/v v0x2123ab0_0, 0, 1;
T_1.12 ;
T_1.8 ;
    %load/v 8, v0x2123cd0_0, 1;
    %mov 9, 0, 2;
    %cmpi/u 8, 1, 3;
    %mov 8, 4, 1;
    %load/v 9, v0x2123dc0_0, 32;
    %cmp/u 0, 9, 32;
    %mov 9, 5, 1;
    %and 8, 9, 1;
    %load/v 9, v0x2123dc0_0, 32;
   %cmpi/u 9, 500, 32;
    %or 5, 4, 1;
    %mov 9, 5, 1;
    %and 8, 9, 1;
    %jmp/0xz  T_1.14, 8;
    %load/v 8, v0x21238c0_0, 32;
    %mov 40, 0, 1;
    %subi 8, 1, 33;
    %set/v v0x21238c0_0, 8, 32;
    %load/v 8, v0x2108d60_0, 32;
    %mov 40, 0, 1;
    %addi 8, 1, 33;
    %set/v v0x2108d60_0, 8, 32;
    %load/v 8, v0x2123a00_0, 1;
    %inv 8, 1;
    %jmp/0xz  T_1.16, 8;
    %set/v v0x2123a00_0, 1, 1;
T_1.16 ;
    %load/v 8, v0x2123ab0_0, 1;
    %jmp/0xz  T_1.18, 8;
    %set/v v0x2123ab0_0, 0, 1;
T_1.18 ;
T_1.14 ;
    %jmp T_1;
    .thread T_1, $push;
    .scope S_0x20d3730;
T_2 ;
    %vpi_call 2 66 "$dumpfile", "itp17210.vcd";
    %vpi_call 2 67 "$dumpvars", 1'sb0;
    %set/v v0x21242f0_0, 0, 1;
    %set/v v0x2124370_0, 0, 1;
    %set/v v0x2124420_0, 0, 1;
T_2.0 ;
    %load/v 8, v0x2124240_0, 1;
    %inv 8, 1;
    %jmp/0xz T_2.1, 8;
    %vpi_func 2 73 "$urandom", 8, 32;
    %movi 40, 3, 32;
    %mod 8, 40, 32;
    %cmpi/u 8, 0, 32;
    %jmp/1 T_2.2, 6;
    %cmpi/u 8, 1, 32;
    %jmp/1 T_2.3, 6;
    %cmpi/u 8, 2, 32;
    %jmp/1 T_2.4, 6;
    %jmp T_2.5;
T_2.2 ;
    %set/v v0x21242f0_0, 1, 1;
    %delay 5, 0;
    %set/v v0x21242f0_0, 0, 1;
    %jmp T_2.5;
T_2.3 ;
    %load/v 8, v0x2124000_0, 32;
    %cmp/u 0, 8, 32;
    %jmp/0xz  T_2.6, 5;
    %set/v v0x2124370_0, 1, 1;
    %delay 5, 0;
    %set/v v0x2124370_0, 0, 1;
T_2.6 ;
    %jmp T_2.5;
T_2.4 ;
    %movi 8, 500, 32;
    %load/v 40, v0x2124000_0, 32;
    %cmp/u 8, 40, 32;
    %jmp/0xz  T_2.8, 5;
    %set/v v0x2124420_0, 1, 1;
    %delay 5, 0;
    %set/v v0x2124420_0, 0, 1;
T_2.8 ;
    %jmp T_2.5;
T_2.5 ;
    %jmp T_2.0;
T_2.1 ;
    %end;
    .thread T_2;
# The file index is used to find the file name in the following table.
:file_names 3;
    "N/A";
    "<interactive>";
    "./itp17210.v";
